<?xml version="1.0" encoding="UTF-8"?>
<testng-results ignored="0" total="2" passed="2" failed="0" skipped="0">
  <reporter-output>
  </reporter-output>
  <suite started-at="2021-07-26T17:42:24 NPT" name="Default suite" finished-at="2021-07-26T17:42:53 NPT" duration-ms="29071">
    <groups>
      <group name="cucumber">
        <method signature="AbstractTestNGCucumberTests.runScenario(io.cucumber.testng.PickleWrapper,io.cucumber.testng.FeatureWrapper)[pri:0, instance:testRunner.TestRunner@1a18644]" name="runScenario" class="io.cucumber.testng.AbstractTestNGCucumberTests"/>
      </group> <!-- cucumber -->
    </groups>
    <test started-at="2021-07-26T17:42:24 NPT" name="Default test" finished-at="2021-07-26T17:42:53 NPT" duration-ms="29071">
      <class name="testRunner.TestRunner">
        <test-method is-config="true" signature="setUpClass()[pri:0, instance:testRunner.TestRunner@1a18644]" started-at="2021-07-26T17:42:24 NPT" name="setUpClass" finished-at="2021-07-26T17:42:24 NPT" duration-ms="624" status="PASS">
          <reporter-output>
          </reporter-output>
        </test-method> <!-- setUpClass -->
        <test-method signature="runScenario(io.cucumber.testng.PickleWrapper,io.cucumber.testng.FeatureWrapper)[pri:0, instance:testRunner.TestRunner@1a18644]" started-at="2021-07-26T17:42:24 NPT" name="runScenario" description="Runs Cucumber Scenarios" data-provider="scenarios" finished-at="2021-07-26T17:42:35 NPT" duration-ms="10771" status="PASS">
          <params>
            <param index="0">
              <value>
                <![CDATA["Validate user can select random department from dropdown"]]>
              </value>
            </param>
            <param index="1">
              <value>
                <![CDATA["Optional[Select random department from the dropdown on each run]"]]>
              </value>
            </param>
          </params>
          <reporter-output>
          </reporter-output>
        </test-method> <!-- runScenario -->
        <test-method signature="runScenario(io.cucumber.testng.PickleWrapper,io.cucumber.testng.FeatureWrapper)[pri:0, instance:testRunner.TestRunner@1a18644]" started-at="2021-07-26T17:42:35 NPT" name="runScenario" description="Runs Cucumber Scenarios" data-provider="scenarios" finished-at="2021-07-26T17:42:53 NPT" duration-ms="17593" status="PASS">
          <params>
            <param index="0">
              <value>
                <![CDATA["Validate user can login with valid credentials"]]>
              </value>
            </param>
            <param index="1">
              <value>
                <![CDATA["Optional[Validate basic login scenario of Facebook]"]]>
              </value>
            </param>
          </params>
          <reporter-output>
          </reporter-output>
        </test-method> <!-- runScenario -->
        <test-method is-config="true" signature="tearDownClass()[pri:0, instance:testRunner.TestRunner@1a18644]" started-at="2021-07-26T17:42:53 NPT" name="tearDownClass" finished-at="2021-07-26T17:42:53 NPT" duration-ms="14" status="PASS">
          <reporter-output>
          </reporter-output>
        </test-method> <!-- tearDownClass -->
      </class> <!-- testRunner.TestRunner -->
    </test> <!-- Default test -->
  </suite> <!-- Default suite -->
</testng-results>
