<?xml version="1.0" encoding="UTF-8"?>
<!-- Generated by org.testng.reporters.JUnitXMLReporter -->
<testsuite ignored="0" hostname="DESKTOP-4JQCKJ4" failures="0" tests="2" name="Default test" time="29.071" errors="0" timestamp="2021-07-26T17:42:53 NPT">
  <testcase classname="io.cucumber.testng.AbstractTestNGCucumberTests" name="runScenario" time="10.771"/>
  <testcase classname="io.cucumber.testng.AbstractTestNGCucumberTests" name="runScenario" time="17.593"/>
</testsuite> <!-- Default test -->
