<?xml version="1.0" encoding="UTF-8"?>
<!-- Generated by org.testng.reporters.JUnitXMLReporter -->
<testsuite ignored="0" hostname="DESKTOP-4JQCKJ4" failures="1" tests="2" name="Testing" time="15.562" errors="0" timestamp="2021-07-26T17:19:13 NPT">
  <testcase classname="io.cucumber.testng.AbstractTestNGCucumberTests" name="runScenario" time="9.448"/>
  <testcase classname="io.cucumber.testng.AbstractTestNGCucumberTests" name="runScenario" time="5.697">
    <failure type="java.lang.NullPointerException">
      <![CDATA[java.lang.NullPointerException
at stepDefinitions.FacebookStepDefinition.user_enters_email_and_password(FacebookStepDefinition.java:35)
at ✽.User enters email "testing.automate.facebook@gmail.com" and password "reetik12345"(file:///C:/Users/joshi_38kwxw8/git/ItonicsAutomation_BDD/Automation_BDD/src/test/java/features/Facebook.feature:6)
]]>
    </failure>
  </testcase> <!-- runScenario -->
</testsuite> <!-- Testing -->
